
**** Build of configuration Debug for project SoftwarePWM ****

"D:\\Embedded\\ccsv7\\utils\\bin\\gmake" -k -j 4 all -O 
'Building file: ../main.c'
'Invoking: MSP430 Compiler'
"D:/Embedded/ccsv7/tools/compiler/ti-cgt-msp430_16.9.3.LTS/bin/cl430" -vmspx --use_hw_mpy=none --include_path="D:/Embedded/ccsv7/ccs_base/msp430/include" --include_path="D:/Embedded/Labs/lab-4-timers-and-pwm-Veronicaw1013/Software PWM/MSP430FR2311/SoftwarePWM" --include_path="D:/Embedded/ccsv7/tools/compiler/ti-cgt-msp430_16.9.3.LTS/include" --advice:power=all --advice:hw_config=all --define=__MSP430FR2311__ -g --printf_support=minimal --diag_warning=225 --diag_wrap=off --display_error_number --silicon_errata=CPU21 --silicon_errata=CPU22 --silicon_errata=CPU40 --preproc_with_compile --preproc_dependency="main.d"  "../main.c"

>> Compilation failure
subdir_rules.mk:9: recipe for target 'main.obj' failed
"../main.c", line 20: error #20: identifier "TA0CTL" is undefined
"../main.c", line 20: error #20: identifier "TASSEL_2" is undefined
"../main.c", line 21: error #20: identifier "TA0CCTL1" is undefined
"../main.c", line 22: error #20: identifier "TA0CCTL0" is undefined
"../main.c", line 23: error #20: identifier "TA0CCR0" is undefined
"../main.c", line 24: error #20: identifier "TA0CCR1" is undefined
"../main.c", line 28: warning #2580-D: pragma vector= accepts numeric arguments or "unused_interrupts" but not TIMER0_A1_VECTOR
"../main.c", line 30: error #20: identifier "TA0CCR1" is undefined
"../main.c", line 35: error #20: identifier "TA0CCTL1" is undefined
"../main.c", line 37: warning #2580-D: pragma vector= accepts numeric arguments or "unused_interrupts" but not TIMER0_A0_VECTOR
"../main.c", line 39: error #20: identifier "TA0CCR1" is undefined
"../main.c", line 42: error #20: identifier "TA0CCTL0" is undefined
"../main.c", line 44: warning #2580-D: pragma vector= accepts numeric arguments or "unused_interrupts" but not PORT5_VECTOR
"../main.c", line 52: error #20: identifier "TA0CCR1" is undefined
"../main.c", line 47: remark #1527-D: (ULP 2.1) Detected SW delay loop using __delay_cycles. Recommend using a timer module instead
11 errors detected in the compilation of "../main.c".
gmake: *** [main.obj] Error 1
gmake: Target 'all' not remade because of errors.

**** Build Finished ****

**** Build of configuration Debug for project SoftwarePWM ****

"D:\\Embedded\\ccsv7\\utils\\bin\\gmake" -k -j 4 all -O 
'Building file: ../main.c'
'Invoking: MSP430 Compiler'
"D:/Embedded/ccsv7/tools/compiler/ti-cgt-msp430_16.9.3.LTS/bin/cl430" -vmspx --use_hw_mpy=none --include_path="D:/Embedded/ccsv7/ccs_base/msp430/include" --include_path="D:/Embedded/Labs/lab-4-timers-and-pwm-Veronicaw1013/Software PWM/MSP430FR2311/SoftwarePWM" --include_path="D:/Embedded/ccsv7/tools/compiler/ti-cgt-msp430_16.9.3.LTS/include" --advice:power=all --advice:hw_config=all --define=__MSP430FR2311__ -g --printf_support=minimal --diag_warning=225 --diag_wrap=off --display_error_number --silicon_errata=CPU21 --silicon_errata=CPU22 --silicon_errata=CPU40 --preproc_with_compile --preproc_dependency="main.d"  "../main.c"
"../main.c", line 47: remark #1527-D: (ULP 2.1) Detected SW delay loop using __delay_cycles. Recommend using a timer module instead
'Finished building: ../main.c'
' '
'Building target: SoftwarePWM.out'
'Invoking: MSP430 Linker'
"D:/Embedded/ccsv7/tools/compiler/ti-cgt-msp430_16.9.3.LTS/bin/cl430" -vmspx --use_hw_mpy=none --advice:power=all --advice:hw_config=all --define=__MSP430FR2311__ -g --printf_support=minimal --diag_warning=225 --diag_wrap=off --display_error_number --silicon_errata=CPU21 --silicon_errata=CPU22 --silicon_errata=CPU40 -z -m"SoftwarePWM.map" --heap_size=160 --stack_size=160 --cinit_hold_wdt=on -i"D:/Embedded/ccsv7/ccs_base/msp430/include" -i"D:/Embedded/ccsv7/tools/compiler/ti-cgt-msp430_16.9.3.LTS/lib" -i"D:/Embedded/ccsv7/tools/compiler/ti-cgt-msp430_16.9.3.LTS/include" --reread_libs --diag_wrap=off --display_error_number --warn_sections --xml_link_info="SoftwarePWM_linkInfo.xml" --use_hw_mpy=none --rom_model -o "SoftwarePWM.out" "./main.obj" "../lnk_msp430fr2311.cmd"  -llibc.a 
<Linking>
remark #10372-D: (ULP 4.1) Detected uninitialized Port A in this project. Recommend initializing all unused ports to eliminate wasted current consumption on unused pins.
'Finished building target: SoftwarePWM.out'
' '

**** Build Finished ****

**** Build of configuration Debug for project SoftwarePWM ****

"D:\\Embedded\\ccsv7\\utils\\bin\\gmake" -k -j 4 all -O 
'Building file: ../main.c'
'Invoking: MSP430 Compiler'
"D:/Embedded/ccsv7/tools/compiler/ti-cgt-msp430_16.9.3.LTS/bin/cl430" -vmspx --use_hw_mpy=none --include_path="D:/Embedded/ccsv7/ccs_base/msp430/include" --include_path="D:/Embedded/Labs/lab-4-timers-and-pwm-Veronicaw1013/Software PWM/MSP430FR2311/SoftwarePWM" --include_path="D:/Embedded/ccsv7/tools/compiler/ti-cgt-msp430_16.9.3.LTS/include" --advice:power=all --advice:hw_config=all --define=__MSP430FR2311__ -g --printf_support=minimal --diag_warning=225 --diag_wrap=off --display_error_number --silicon_errata=CPU21 --silicon_errata=CPU22 --silicon_errata=CPU40 --preproc_with_compile --preproc_dependency="main.d"  "../main.c"
"../main.c", line 47: remark #1527-D: (ULP 2.1) Detected SW delay loop using __delay_cycles. Recommend using a timer module instead
'Finished building: ../main.c'
' '
'Building target: SoftwarePWM.out'
'Invoking: MSP430 Linker'
"D:/Embedded/ccsv7/tools/compiler/ti-cgt-msp430_16.9.3.LTS/bin/cl430" -vmspx --use_hw_mpy=none --advice:power=all --advice:hw_config=all --define=__MSP430FR2311__ -g --printf_support=minimal --diag_warning=225 --diag_wrap=off --display_error_number --silicon_errata=CPU21 --silicon_errata=CPU22 --silicon_errata=CPU40 -z -m"SoftwarePWM.map" --heap_size=160 --stack_size=160 --cinit_hold_wdt=on -i"D:/Embedded/ccsv7/ccs_base/msp430/include" -i"D:/Embedded/ccsv7/tools/compiler/ti-cgt-msp430_16.9.3.LTS/lib" -i"D:/Embedded/ccsv7/tools/compiler/ti-cgt-msp430_16.9.3.LTS/include" --reread_libs --diag_wrap=off --display_error_number --warn_sections --xml_link_info="SoftwarePWM_linkInfo.xml" --use_hw_mpy=none --rom_model -o "SoftwarePWM.out" "./main.obj" "../lnk_msp430fr2311.cmd"  -llibc.a 
<Linking>
remark #10372-D: (ULP 4.1) Detected uninitialized Port A in this project. Recommend initializing all unused ports to eliminate wasted current consumption on unused pins.
'Finished building target: SoftwarePWM.out'
' '

**** Build Finished ****

**** Build of configuration Debug for project SoftwarePWM ****

"D:\\Embedded\\ccsv7\\utils\\bin\\gmake" -k -j 4 all -O 
gmake[1]: 'SoftwarePWM.out' is up to date.

**** Build Finished ****
